# JRE version: Java(TM) SE Runtime Environment (8.0_401) (build 1.8.0_401-b10)
# Java VM: Java HotSpot(TM) 64-Bit Server VM (25.401-b10 mixed mode windows-amd64 compressed oops)
Heap:
 PSYoungGen      total 692736K, used 411239K [0x00000000d5580000, 0x0000000100000000, 0x0000000100000000)
  eden space 686592K, 59% used [0x00000000d5580000,0x00000000ee631fc0,0x00000000ff400000)
  from space 6144K, 15% used [0x00000000ff400000,0x00000000ff4e8000,0x00000000ffa00000)
  to   space 5632K, 0% used [0x00000000ffa80000,0x00000000ffa80000,0x0000000100000000)
 ParOldGen       total 87552K, used 32970K [0x0000000080000000, 0x0000000085580000, 0x00000000d5580000)
  object space 87552K, 37% used [0x0000000080000000,0x0000000082032bf0,0x0000000085580000)
 Metaspace       used 63657K, capacity 89791K, committed 89856K, reserved 1107968K
  class space    used 22175K, capacity 30664K, committed 30720K, reserved 1048576K
GC Heap History (10 events):
Event: 7.382 GC heap before
{Heap before GC invocations=82 (full 28):
 PSYoungGen      total 693248K, used 21763K [0x00000000d5580000, 0x0000000100000000, 0x0000000100000000)
  eden space 690176K, 2% used [0x00000000d5580000,0x00000000d67c0fc8,0x00000000ff780000)
  from space 3072K, 100% used [0x00000000ff780000,0x00000000ffa80000,0x00000000ffa80000)
  to   space 4608K, 0% used [0x00000000ffb80000,0x00000000ffb80000,0x0000000100000000)
 ParOldGen       total 87552K, used 28562K [0x0000000080000000, 0x0000000085580000, 0x00000000d5580000)
  object space 87552K, 32% used [0x0000000080000000,0x0000000081be4bc8,0x0000000085580000)
 Metaspace       used 57212K, capacity 80435K, committed 80768K, reserved 1103872K
  class space    used 19333K, capacity 26888K, committed 27008K, reserved 1048576K
Event: 7.386 GC heap after
Heap after GC invocations=82 (full 28):
 PSYoungGen      total 694272K, used 320K [0x00000000d5580000, 0x0000000100000000, 0x0000000100000000)
  eden space 689664K, 0% used [0x00000000d5580000,0x00000000d5580000,0x00000000ff700000)
  from space 4608K, 6% used [0x00000000ffb80000,0x00000000ffbd0000,0x0000000100000000)
  to   space 4608K, 0% used [0x00000000ff700000,0x00000000ff700000,0x00000000ffb80000)
 ParOldGen       total 87552K, used 31618K [0x0000000080000000, 0x0000000085580000, 0x00000000d5580000)
  object space 87552K, 36% used [0x0000000080000000,0x0000000081ee0bc8,0x0000000085580000)
 Metaspace       used 57212K, capacity 80435K, committed 80768K, reserved 1103872K
  class space    used 19333K, capacity 26888K, committed 27008K, reserved 1048576K
}
Event: 7.386 GC heap before
{Heap before GC invocations=83 (full 29):
 PSYoungGen      total 694272K, used 320K [0x00000000d5580000, 0x0000000100000000, 0x0000000100000000)
  eden space 689664K, 0% used [0x00000000d5580000,0x00000000d5580000,0x00000000ff700000)
  from space 4608K, 6% used [0x00000000ffb80000,0x00000000ffbd0000,0x0000000100000000)
  to   space 4608K, 0% used [0x00000000ff700000,0x00000000ff700000,0x00000000ffb80000)
 ParOldGen       total 87552K, used 31618K [0x0000000080000000, 0x0000000085580000, 0x00000000d5580000)
  object space 87552K, 36% used [0x0000000080000000,0x0000000081ee0bc8,0x0000000085580000)
 Metaspace       used 57212K, capacity 80435K, committed 80768K, reserved 1103872K
  class space    used 19333K, capacity 26888K, committed 27008K, reserved 1048576K
Event: 7.469 GC heap after
Heap after GC invocations=83 (full 29):
 PSYoungGen      total 694272K, used 0K [0x00000000d5580000, 0x0000000100000000, 0x0000000100000000)
  eden space 689664K, 0% used [0x00000000d5580000,0x00000000d5580000,0x00000000ff700000)
  from space 4608K, 0% used [0x00000000ffb80000,0x00000000ffb80000,0x0000000100000000)
  to   space 4608K, 0% used [0x00000000ff700000,0x00000000ff700000,0x00000000ffb80000)
 ParOldGen       total 87552K, used 28786K [0x0000000080000000, 0x0000000085580000, 0x00000000d5580000)
  object space 87552K, 32% used [0x0000000080000000,0x0000000081c1cbe0,0x0000000085580000)
 Metaspace       used 57212K, capacity 80435K, committed 80768K, reserved 1103872K
  class space    used 19333K, capacity 26888K, committed 27008K, reserved 1048576K
}
Event: 7.887 GC heap before
{Heap before GC invocations=84 (full 29):
 PSYoungGen      total 694272K, used 689664K [0x00000000d5580000, 0x0000000100000000, 0x0000000100000000)
  eden space 689664K, 100% used [0x00000000d5580000,0x00000000ff700000,0x00000000ff700000)
  from space 4608K, 0% used [0x00000000ffb80000,0x00000000ffb80000,0x0000000100000000)
  to   space 4608K, 0% used [0x00000000ff700000,0x00000000ff700000,0x00000000ffb80000)
 ParOldGen       total 87552K, used 28786K [0x0000000080000000, 0x0000000085580000, 0x00000000d5580000)
  object space 87552K, 32% used [0x0000000080000000,0x0000000081c1cbe0,0x0000000085580000)
 Metaspace       used 62901K, capacity 88733K, committed 88960K, reserved 1107968K
  class space    used 21861K, capacity 30254K, committed 30336K, reserved 1048576K
Event: 7.890 GC heap after
Heap after GC invocations=84 (full 29):
 PSYoungGen      total 661504K, used 4096K [0x00000000d5580000, 0x00000000ffc00000, 0x0000000100000000)
  eden space 656896K, 0% used [0x00000000d5580000,0x00000000d5580000,0x00000000fd700000)
  from space 4608K, 88% used [0x00000000ff700000,0x00000000ffb00010,0x00000000ffb80000)
  to   space 512K, 0% used [0x00000000ffb80000,0x00000000ffb80000,0x00000000ffc00000)
 ParOldGen       total 87552K, used 28794K [0x0000000080000000, 0x0000000085580000, 0x00000000d5580000)
  object space 87552K, 32% used [0x0000000080000000,0x0000000081c1ebe0,0x0000000085580000)
 Metaspace       used 62901K, capacity 88733K, committed 88960K, reserved 1107968K
  class space    used 21861K, capacity 30254K, committed 30336K, reserved 1048576K
}
Event: 8.192 GC heap before
{Heap before GC invocations=85 (full 29):
 PSYoungGen      total 661504K, used 660992K [0x00000000d5580000, 0x00000000ffc00000, 0x0000000100000000)
  eden space 656896K, 100% used [0x00000000d5580000,0x00000000fd700000,0x00000000fd700000)
  from space 4608K, 88% used [0x00000000ff700000,0x00000000ffb00010,0x00000000ffb80000)
  to   space 512K, 0% used [0x00000000ffb80000,0x00000000ffb80000,0x00000000ffc00000)
 ParOldGen       total 87552K, used 28794K [0x0000000080000000, 0x0000000085580000, 0x00000000d5580000)
  object space 87552K, 32% used [0x0000000080000000,0x0000000081c1ebe0,0x0000000085580000)
 Metaspace       used 63617K, capacity 89759K, committed 89856K, reserved 1107968K
  class space    used 22173K, capacity 30664K, committed 30720K, reserved 1048576K
Event: 8.197 GC heap after
Heap after GC invocations=85 (full 29):
 PSYoungGen      total 687104K, used 512K [0x00000000d5580000, 0x0000000100000000, 0x0000000100000000)
  eden space 686592K, 0% used [0x00000000d5580000,0x00000000d5580000,0x00000000ff400000)
  from space 512K, 100% used [0x00000000ffb80000,0x00000000ffc00000,0x00000000ffc00000)
  to   space 6144K, 0% used [0x00000000ff400000,0x00000000ff400000,0x00000000ffa00000)
 ParOldGen       total 87552K, used 32458K [0x0000000080000000, 0x0000000085580000, 0x00000000d5580000)
  object space 87552K, 37% used [0x0000000080000000,0x0000000081fb2bf0,0x0000000085580000)
 Metaspace       used 63617K, capacity 89759K, committed 89856K, reserved 1107968K
  class space    used 22173K, capacity 30664K, committed 30720K, reserved 1048576K
}
Event: 8.974 GC heap before
{Heap before GC invocations=86 (full 29):
 PSYoungGen      total 687104K, used 687104K [0x00000000d5580000, 0x0000000100000000, 0x0000000100000000)
  eden space 686592K, 100% used [0x00000000d5580000,0x00000000ff400000,0x00000000ff400000)
  from space 512K, 100% used [0x00000000ffb80000,0x00000000ffc00000,0x00000000ffc00000)
  to   space 6144K, 0% used [0x00000000ff400000,0x00000000ff400000,0x00000000ffa00000)
 ParOldGen       total 87552K, used 32458K [0x0000000080000000, 0x0000000085580000, 0x00000000d5580000)
  object space 87552K, 37% used [0x0000000080000000,0x0000000081fb2bf0,0x0000000085580000)
 Metaspace       used 63641K, capacity 89791K, committed 89856K, reserved 1107968K
  class space    used 22173K, capacity 30664K, committed 30720K, reserved 1048576K
Event: 8.990 GC heap after
Heap after GC invocations=86 (full 29):
 PSYoungGen      total 692736K, used 928K [0x00000000d5580000, 0x0000000100000000, 0x0000000100000000)
  eden space 686592K, 0% used [0x00000000d5580000,0x00000000d5580000,0x00000000ff400000)
  from space 6144K, 15% used [0x00000000ff400000,0x00000000ff4e8000,0x00000000ffa00000)
  to   space 5632K, 0% used [0x00000000ffa80000,0x00000000ffa80000,0x0000000100000000)
 ParOldGen       total 87552K, used 32970K [0x0000000080000000, 0x0000000085580000, 0x00000000d5580000)
  object space 87552K, 37% used [0x0000000080000000,0x0000000082032bf0,0x0000000085580000)
 Metaspace       used 63641K, capacity 89791K, committed 89856K, reserved 1107968K
  class space    used 22173K, capacity 30664K, committed 30720K, reserved 1048576K
}

