# JRE version: Java(TM) SE Runtime Environment (8.0_401) (build 1.8.0_401-b10)
# Java VM: Java HotSpot(TM) 64-Bit Server VM (25.401-b10 mixed mode windows-amd64 compressed oops)
Heap:
 PSYoungGen      total 694784K, used 53852K [0x00000000d5580000, 0x0000000100000000, 0x0000000100000000)
  eden space 690688K, 7% used [0x00000000d5580000,0x00000000d87773f8,0x00000000ff800000)
  from space 4096K, 65% used [0x00000000ffc00000,0x00000000ffea0000,0x0000000100000000)
  to   space 4096K, 0% used [0x00000000ff800000,0x00000000ff800000,0x00000000ffc00000)
 ParOldGen       total 87552K, used 32915K [0x0000000080000000, 0x0000000085580000, 0x00000000d5580000)
  object space 87552K, 37% used [0x0000000080000000,0x0000000082024fd0,0x0000000085580000)
 Metaspace       used 63760K, capacity 89971K, committed 90112K, reserved 1107968K
  class space    used 22177K, capacity 30664K, committed 30720K, reserved 1048576K
GC Heap History (10 events):
Event: 9.904 GC heap before
{Heap before GC invocations=76 (full 24):
 PSYoungGen      total 672768K, used 668832K [0x00000000d5580000, 0x00000000fee00000, 0x0000000100000000)
  eden space 668160K, 100% used [0x00000000d5580000,0x00000000fe200000,0x00000000fe200000)
  from space 4608K, 14% used [0x00000000fe200000,0x00000000fe2a8000,0x00000000fe680000)
  to   space 4608K, 0% used [0x00000000fe980000,0x00000000fe980000,0x00000000fee00000)
 ParOldGen       total 87552K, used 32813K [0x0000000080000000, 0x0000000085580000, 0x00000000d5580000)
  object space 87552K, 37% used [0x0000000080000000,0x000000008200b640,0x0000000085580000)
 Metaspace       used 63641K, capacity 89863K, committed 90112K, reserved 1107968K
  class space    used 22172K, capacity 30664K, committed 30720K, reserved 1048576K
Event: 9.907 GC heap after
Heap after GC invocations=76 (full 24):
 PSYoungGen      total 676352K, used 992K [0x00000000d5580000, 0x00000000fff00000, 0x0000000100000000)
  eden space 671744K, 0% used [0x00000000d5580000,0x00000000d5580000,0x00000000fe580000)
  from space 4608K, 21% used [0x00000000fe980000,0x00000000fea78000,0x00000000fee00000)
  to   space 4096K, 0% used [0x00000000fe580000,0x00000000fe580000,0x00000000fe980000)
 ParOldGen       total 87552K, used 33125K [0x0000000080000000, 0x0000000085580000, 0x00000000d5580000)
  object space 87552K, 37% used [0x0000000080000000,0x0000000082059640,0x0000000085580000)
 Metaspace       used 63641K, capacity 89863K, committed 90112K, reserved 1107968K
  class space    used 22172K, capacity 30664K, committed 30720K, reserved 1048576K
}
Event: 10.387 GC heap before
{Heap before GC invocations=77 (full 24):
 PSYoungGen      total 676352K, used 672736K [0x00000000d5580000, 0x00000000fff00000, 0x0000000100000000)
  eden space 671744K, 100% used [0x00000000d5580000,0x00000000fe580000,0x00000000fe580000)
  from space 4608K, 21% used [0x00000000fe980000,0x00000000fea78000,0x00000000fee00000)
  to   space 4096K, 0% used [0x00000000fe580000,0x00000000fe580000,0x00000000fe980000)
 ParOldGen       total 87552K, used 33125K [0x0000000080000000, 0x0000000085580000, 0x00000000d5580000)
  object space 87552K, 37% used [0x0000000080000000,0x0000000082059640,0x0000000085580000)
 Metaspace       used 63661K, capacity 89875K, committed 90112K, reserved 1107968K
  class space    used 22172K, capacity 30664K, committed 30720K, reserved 1048576K
Event: 10.391 GC heap after
Heap after GC invocations=77 (full 24):
 PSYoungGen      total 675840K, used 768K [0x00000000d5580000, 0x00000000fff80000, 0x0000000100000000)
  eden space 671744K, 0% used [0x00000000d5580000,0x00000000d5580000,0x00000000fe580000)
  from space 4096K, 18% used [0x00000000fe580000,0x00000000fe640000,0x00000000fe980000)
  to   space 4096K, 0% used [0x00000000ffb80000,0x00000000ffb80000,0x00000000fff80000)
 ParOldGen       total 87552K, used 33805K [0x0000000080000000, 0x0000000085580000, 0x00000000d5580000)
  object space 87552K, 38% used [0x0000000080000000,0x0000000082103640,0x0000000085580000)
 Metaspace       used 63661K, capacity 89875K, committed 90112K, reserved 1107968K
  class space    used 22172K, capacity 30664K, committed 30720K, reserved 1048576K
}
Event: 10.790 GC heap before
{Heap before GC invocations=78 (full 24):
 PSYoungGen      total 675840K, used 672512K [0x00000000d5580000, 0x00000000fff80000, 0x0000000100000000)
  eden space 671744K, 100% used [0x00000000d5580000,0x00000000fe580000,0x00000000fe580000)
  from space 4096K, 18% used [0x00000000fe580000,0x00000000fe640000,0x00000000fe980000)
  to   space 4096K, 0% used [0x00000000ffb80000,0x00000000ffb80000,0x00000000fff80000)
 ParOldGen       total 87552K, used 33805K [0x0000000080000000, 0x0000000085580000, 0x00000000d5580000)
  object space 87552K, 38% used [0x0000000080000000,0x0000000082103640,0x0000000085580000)
 Metaspace       used 63712K, capacity 89951K, committed 90112K, reserved 1107968K
  class space    used 22172K, capacity 30664K, committed 30720K, reserved 1048576K
Event: 10.794 GC heap after
Heap after GC invocations=78 (full 24):
 PSYoungGen      total 694272K, used 1920K [0x00000000d5580000, 0x0000000100000000, 0x0000000100000000)
  eden space 690176K, 0% used [0x00000000d5580000,0x00000000d5580000,0x00000000ff780000)
  from space 4096K, 46% used [0x00000000ffb80000,0x00000000ffd60000,0x00000000fff80000)
  to   space 4096K, 0% used [0x00000000ff780000,0x00000000ff780000,0x00000000ffb80000)
 ParOldGen       total 87552K, used 34045K [0x0000000080000000, 0x0000000085580000, 0x00000000d5580000)
  object space 87552K, 38% used [0x0000000080000000,0x000000008213f640,0x0000000085580000)
 Metaspace       used 63712K, capacity 89951K, committed 90112K, reserved 1107968K
  class space    used 22172K, capacity 30664K, committed 30720K, reserved 1048576K
}
Event: 10.814 GC heap before
{Heap before GC invocations=79 (full 24):
 PSYoungGen      total 694272K, used 87160K [0x00000000d5580000, 0x0000000100000000, 0x0000000100000000)
  eden space 690176K, 12% used [0x00000000d5580000,0x00000000da8be0c0,0x00000000ff780000)
  from space 4096K, 46% used [0x00000000ffb80000,0x00000000ffd60000,0x00000000fff80000)
  to   space 4096K, 0% used [0x00000000ff780000,0x00000000ff780000,0x00000000ffb80000)
 ParOldGen       total 87552K, used 34045K [0x0000000080000000, 0x0000000085580000, 0x00000000d5580000)
  object space 87552K, 38% used [0x0000000080000000,0x000000008213f640,0x0000000085580000)
 Metaspace       used 63712K, capacity 89951K, committed 90112K, reserved 1107968K
  class space    used 22172K, capacity 30664K, committed 30720K, reserved 1048576K
Event: 10.818 GC heap after
Heap after GC invocations=79 (full 24):
 PSYoungGen      total 694272K, used 480K [0x00000000d5580000, 0x0000000100000000, 0x0000000100000000)
  eden space 690176K, 0% used [0x00000000d5580000,0x00000000d5580000,0x00000000ff780000)
  from space 4096K, 11% used [0x00000000ff780000,0x00000000ff7f8000,0x00000000ffb80000)
  to   space 4096K, 0% used [0x00000000ffc00000,0x00000000ffc00000,0x0000000100000000)
 ParOldGen       total 87552K, used 35725K [0x0000000080000000, 0x0000000085580000, 0x00000000d5580000)
  object space 87552K, 40% used [0x0000000080000000,0x00000000822e3640,0x0000000085580000)
 Metaspace       used 63712K, capacity 89951K, committed 90112K, reserved 1107968K
  class space    used 22172K, capacity 30664K, committed 30720K, reserved 1048576K
}
Event: 10.818 GC heap before
{Heap before GC invocations=80 (full 25):
 PSYoungGen      total 694272K, used 480K [0x00000000d5580000, 0x0000000100000000, 0x0000000100000000)
  eden space 690176K, 0% used [0x00000000d5580000,0x00000000d5580000,0x00000000ff780000)
  from space 4096K, 11% used [0x00000000ff780000,0x00000000ff7f8000,0x00000000ffb80000)
  to   space 4096K, 0% used [0x00000000ffc00000,0x00000000ffc00000,0x0000000100000000)
 ParOldGen       total 87552K, used 35725K [0x0000000080000000, 0x0000000085580000, 0x00000000d5580000)
  object space 87552K, 40% used [0x0000000080000000,0x00000000822e3640,0x0000000085580000)
 Metaspace       used 63712K, capacity 89951K, committed 90112K, reserved 1107968K
  class space    used 22172K, capacity 30664K, committed 30720K, reserved 1048576K
Event: 10.983 GC heap after
Heap after GC invocations=80 (full 25):
 PSYoungGen      total 694272K, used 0K [0x00000000d5580000, 0x0000000100000000, 0x0000000100000000)
  eden space 690176K, 0% used [0x00000000d5580000,0x00000000d5580000,0x00000000ff780000)
  from space 4096K, 0% used [0x00000000ff780000,0x00000000ff780000,0x00000000ffb80000)
  to   space 4096K, 0% used [0x00000000ffc00000,0x00000000ffc00000,0x0000000100000000)
 ParOldGen       total 87552K, used 32915K [0x0000000080000000, 0x0000000085580000, 0x00000000d5580000)
  object space 87552K, 37% used [0x0000000080000000,0x0000000082024fd0,0x0000000085580000)
 Metaspace       used 63712K, capacity 89951K, committed 90112K, reserved 1107968K
  class space    used 22172K, capacity 30664K, committed 30720K, reserved 1048576K
}

