# JRE version: Java(TM) SE Runtime Environment (8.0_401) (build 1.8.0_401-b10)
# Java VM: Java HotSpot(TM) 64-Bit Server VM (25.401-b10 mixed mode windows-amd64 compressed oops)
Heap:
 PSYoungGen      total 660480K, used 66120K [0x00000000d5580000, 0x0000000100000000, 0x0000000100000000)
  eden space 656896K, 9% used [0x00000000d5580000,0x00000000d9292368,0x00000000fd700000)
  from space 3584K, 100% used [0x00000000ffc80000,0x0000000100000000,0x0000000100000000)
  to   space 4608K, 0% used [0x00000000ff700000,0x00000000ff700000,0x00000000ffb80000)
 ParOldGen       total 87552K, used 28795K [0x0000000080000000, 0x0000000085580000, 0x00000000d5580000)
  object space 87552K, 32% used [0x0000000080000000,0x0000000081c1ef88,0x0000000085580000)
 Metaspace       used 61134K, capacity 86203K, committed 86400K, reserved 1105920K
  class space    used 21059K, capacity 29208K, committed 29312K, reserved 1048576K
GC Heap History (10 events):
Event: 8.205 GC heap before
{Heap before GC invocations=60 (full 19):
 PSYoungGen      total 539136K, used 538944K [0x00000000d5580000, 0x00000000ffd80000, 0x0000000100000000)
  eden space 538112K, 100% used [0x00000000d5580000,0x00000000f6300000,0x00000000f6300000)
  from space 1024K, 81% used [0x00000000ffc80000,0x00000000ffd50000,0x00000000ffd80000)
  to   space 3072K, 0% used [0x00000000ff780000,0x00000000ff780000,0x00000000ffa80000)
 ParOldGen       total 87552K, used 26118K [0x0000000080000000, 0x0000000085580000, 0x00000000d5580000)
  object space 87552K, 29% used [0x0000000080000000,0x0000000081981ac8,0x0000000085580000)
 Metaspace       used 50193K, capacity 69569K, committed 69760K, reserved 1095680K
  class space    used 16268K, capacity 22606K, committed 22656K, reserved 1048576K
Event: 8.207 GC heap after
Heap after GC invocations=60 (full 19):
 PSYoungGen      total 516096K, used 928K [0x00000000d5580000, 0x00000000ffd00000, 0x0000000100000000)
  eden space 513024K, 0% used [0x00000000d5580000,0x00000000d5580000,0x00000000f4a80000)
  from space 3072K, 30% used [0x00000000ff780000,0x00000000ff868000,0x00000000ffa80000)
  to   space 2560K, 0% used [0x00000000ffa80000,0x00000000ffa80000,0x00000000ffd00000)
 ParOldGen       total 87552K, used 26494K [0x0000000080000000, 0x0000000085580000, 0x00000000d5580000)
  object space 87552K, 30% used [0x0000000080000000,0x00000000819dfac8,0x0000000085580000)
 Metaspace       used 50193K, capacity 69569K, committed 69760K, reserved 1095680K
  class space    used 16268K, capacity 22606K, committed 22656K, reserved 1048576K
}
Event: 8.544 GC heap before
{Heap before GC invocations=61 (full 19):
 PSYoungGen      total 516096K, used 513952K [0x00000000d5580000, 0x00000000ffd00000, 0x0000000100000000)
  eden space 513024K, 100% used [0x00000000d5580000,0x00000000f4a80000,0x00000000f4a80000)
  from space 3072K, 30% used [0x00000000ff780000,0x00000000ff868000,0x00000000ffa80000)
  to   space 2560K, 0% used [0x00000000ffa80000,0x00000000ffa80000,0x00000000ffd00000)
 ParOldGen       total 87552K, used 26494K [0x0000000080000000, 0x0000000085580000, 0x00000000d5580000)
  object space 87552K, 30% used [0x0000000080000000,0x00000000819dfac8,0x0000000085580000)
 Metaspace       used 52862K, capacity 73785K, committed 73984K, reserved 1099776K
  class space    used 17425K, capacity 24250K, committed 24320K, reserved 1048576K
Event: 8.549 GC heap after
Heap after GC invocations=61 (full 19):
 PSYoungGen      total 692224K, used 2560K [0x00000000d5580000, 0x0000000100000000, 0x0000000100000000)
  eden space 689664K, 0% used [0x00000000d5580000,0x00000000d5580000,0x00000000ff700000)
  from space 2560K, 100% used [0x00000000ffa80000,0x00000000ffd00000,0x00000000ffd00000)
  to   space 3584K, 0% used [0x00000000ff700000,0x00000000ff700000,0x00000000ffa80000)
 ParOldGen       total 87552K, used 27460K [0x0000000080000000, 0x0000000085580000, 0x00000000d5580000)
  object space 87552K, 31% used [0x0000000080000000,0x0000000081ad11d0,0x0000000085580000)
 Metaspace       used 52862K, capacity 73785K, committed 73984K, reserved 1099776K
  class space    used 17425K, capacity 24250K, committed 24320K, reserved 1048576K
}
Event: 8.570 GC heap before
{Heap before GC invocations=62 (full 19):
 PSYoungGen      total 692224K, used 26535K [0x00000000d5580000, 0x0000000100000000, 0x0000000100000000)
  eden space 689664K, 3% used [0x00000000d5580000,0x00000000d6ce9f70,0x00000000ff700000)
  from space 2560K, 100% used [0x00000000ffa80000,0x00000000ffd00000,0x00000000ffd00000)
  to   space 3584K, 0% used [0x00000000ff700000,0x00000000ff700000,0x00000000ffa80000)
 ParOldGen       total 87552K, used 27460K [0x0000000080000000, 0x0000000085580000, 0x00000000d5580000)
  object space 87552K, 31% used [0x0000000080000000,0x0000000081ad11d0,0x0000000085580000)
 Metaspace       used 52968K, capacity 73935K, committed 73984K, reserved 1099776K
  class space    used 17474K, capacity 24312K, committed 24320K, reserved 1048576K
Event: 8.576 GC heap after
Heap after GC invocations=62 (full 19):
 PSYoungGen      total 693248K, used 480K [0x00000000d5580000, 0x0000000100000000, 0x0000000100000000)
  eden space 689664K, 0% used [0x00000000d5580000,0x00000000d5580000,0x00000000ff700000)
  from space 3584K, 13% used [0x00000000ff700000,0x00000000ff778000,0x00000000ffa80000)
  to   space 3584K, 0% used [0x00000000ffc80000,0x00000000ffc80000,0x0000000100000000)
 ParOldGen       total 87552K, used 29884K [0x0000000080000000, 0x0000000085580000, 0x00000000d5580000)
  object space 87552K, 34% used [0x0000000080000000,0x0000000081d2f1d0,0x0000000085580000)
 Metaspace       used 52968K, capacity 73935K, committed 73984K, reserved 1099776K
  class space    used 17474K, capacity 24312K, committed 24320K, reserved 1048576K
}
Event: 8.576 GC heap before
{Heap before GC invocations=63 (full 20):
 PSYoungGen      total 693248K, used 480K [0x00000000d5580000, 0x0000000100000000, 0x0000000100000000)
  eden space 689664K, 0% used [0x00000000d5580000,0x00000000d5580000,0x00000000ff700000)
  from space 3584K, 13% used [0x00000000ff700000,0x00000000ff778000,0x00000000ffa80000)
  to   space 3584K, 0% used [0x00000000ffc80000,0x00000000ffc80000,0x0000000100000000)
 ParOldGen       total 87552K, used 29884K [0x0000000080000000, 0x0000000085580000, 0x00000000d5580000)
  object space 87552K, 34% used [0x0000000080000000,0x0000000081d2f1d0,0x0000000085580000)
 Metaspace       used 52968K, capacity 73935K, committed 73984K, reserved 1099776K
  class space    used 17474K, capacity 24312K, committed 24320K, reserved 1048576K
Event: 8.695 GC heap after
Heap after GC invocations=63 (full 20):
 PSYoungGen      total 693248K, used 0K [0x00000000d5580000, 0x0000000100000000, 0x0000000100000000)
  eden space 689664K, 0% used [0x00000000d5580000,0x00000000d5580000,0x00000000ff700000)
  from space 3584K, 0% used [0x00000000ff700000,0x00000000ff700000,0x00000000ffa80000)
  to   space 3584K, 0% used [0x00000000ffc80000,0x00000000ffc80000,0x0000000100000000)
 ParOldGen       total 87552K, used 26901K [0x0000000080000000, 0x0000000085580000, 0x00000000d5580000)
  object space 87552K, 30% used [0x0000000080000000,0x0000000081a455f8,0x0000000085580000)
 Metaspace       used 52968K, capacity 73935K, committed 73984K, reserved 1099776K
  class space    used 17474K, capacity 24312K, committed 24320K, reserved 1048576K
}
Event: 9.527 GC heap before
{Heap before GC invocations=64 (full 20):
 PSYoungGen      total 693248K, used 689664K [0x00000000d5580000, 0x0000000100000000, 0x0000000100000000)
  eden space 689664K, 100% used [0x00000000d5580000,0x00000000ff700000,0x00000000ff700000)
  from space 3584K, 0% used [0x00000000ff700000,0x00000000ff700000,0x00000000ffa80000)
  to   space 3584K, 0% used [0x00000000ffc80000,0x00000000ffc80000,0x0000000100000000)
 ParOldGen       total 87552K, used 26901K [0x0000000080000000, 0x0000000085580000, 0x00000000d5580000)
  object space 87552K, 30% used [0x0000000080000000,0x0000000081a455f8,0x0000000085580000)
 Metaspace       used 60958K, capacity 85961K, committed 86272K, reserved 1105920K
  class space    used 20979K, capacity 29102K, committed 29184K, reserved 1048576K
Event: 9.533 GC heap after
Heap after GC invocations=64 (full 20):
 PSYoungGen      total 660480K, used 3584K [0x00000000d5580000, 0x0000000100000000, 0x0000000100000000)
  eden space 656896K, 0% used [0x00000000d5580000,0x00000000d5580000,0x00000000fd700000)
  from space 3584K, 100% used [0x00000000ffc80000,0x0000000100000000,0x0000000100000000)
  to   space 4608K, 0% used [0x00000000ff700000,0x00000000ff700000,0x00000000ffb80000)
 ParOldGen       total 87552K, used 28795K [0x0000000080000000, 0x0000000085580000, 0x00000000d5580000)
  object space 87552K, 32% used [0x0000000080000000,0x0000000081c1ef88,0x0000000085580000)
 Metaspace       used 60958K, capacity 85961K, committed 86272K, reserved 1105920K
  class space    used 20979K, capacity 29102K, committed 29184K, reserved 1048576K
}

